<?xml version="1.0" encoding="UTF-8"?>
<testsuite xmlns:xsi="http://www.w3.org/2001/XMLSchema-instance" xsi:noNamespaceSchemaLocation="https://maven.apache.org/surefire/maven-surefire-plugin/xsd/surefire-test-report.xsd" version="3.0.2" name="hellocucumber.RunCucumberTest" time="0.119" tests="7" errors="2" skipped="0" failures="0">
  <properties>
[...]
</properties>
  <testcase name="search by location" classname="looking for a nearby garage sales" time="0.03">
    <system-out><![CDATA[
Scenario: search by location                             &amp#27;[90m# hellocucumber/garage_sale.feature:3&amp#27;[0m
User is on the home page.
  &amp#27;[32mGiven &amp#27;[0m&amp#27;[32mI am on the home page&amp#27;[0m                            &amp#27;[90m# hellocucumber.StepDefinitions.i_am_on_the_home_page()&amp#27;[0m
Entered location: Omaha Ne
  &amp#27;[32mWhen &amp#27;[0m&amp#27;[32mI enter &amp#27;[0m&amp#27;[32m&amp#27;[1m"Omaha Ne"&amp#27;[0m&amp#27;[32m In location&amp#27;[0m                    &amp#27;[90m# hellocucumber.StepDefinitions.i_enter_location(java.lang.String)&amp#27;[0m
Clicked the search button.
  &amp#27;[32mAnd &amp#27;[0m&amp#27;[32mI click the search button&amp#27;[0m                          &amp#27;[90m# hellocucumber.StepDefinitions.i_click_the_search_button()&amp#27;[0m
Garage sales list displayed.
  &amp#27;[32mThen &amp#27;[0m&amp#27;[32mI should see a list of garage sales closest to me&amp#27;[0m &amp#27;[90m# hellocucumber.StepDefinitions.i_should_see_a_list_of_garage_sales_closest_to_me()&amp#27;[0m
]]></system-out>
  </testcase>
  <testcase name="no sales happening" classname="looking for a nearby garage sales" time="0.001">
    <system-out><![CDATA[
Scenario: no sales happening                                       &amp#27;[90m# hellocucumber/garage_sale.feature:10&amp#27;[0m
User is on the home page.
  &amp#27;[32mGiven &amp#27;[0m&amp#27;[32mI am on the home page&amp#27;[0m                                      &amp#27;[90m# hellocucumber.StepDefinitions.i_am_on_the_home_page()&amp#27;[0m
Searching for: Omaha, ne
  &amp#27;[32mWhen &amp#27;[0m&amp#27;[32mI search for &amp#27;[0m&amp#27;[32m&amp#27;[1m"Omaha, ne"&amp#27;[0m                                    &amp#27;[90m# hellocucumber.StepDefinitions.i_search_for(java.lang.String)&amp#27;[0m
Clicked the search button.
  &amp#27;[32mAnd &amp#27;[0m&amp#27;[32mI click the search button&amp#27;[0m                                    &amp#27;[90m# hellocucumber.StepDefinitions.i_click_the_search_button()&amp#27;[0m
Expected message: no garage sales available near you
  &amp#27;[32mThen &amp#27;[0m&amp#27;[32mI should see a message &amp#27;[0m&amp#27;[32m&amp#27;[1m"no garage sales available near you"&amp#27;[0m &amp#27;[90m# hellocucumber.StepDefinitions.i_should_see_a_message(java.lang.String)&amp#27;[0m
]]></system-out>
  </testcase>
  <testcase name="Sunday isn&apos;t Friday" classname="Is it Friday yet?" time="0.02">
    <error message="The step &apos;today is Sunday&apos; is undefined.&#10;You can implement this step using the snippet(s) below:&#10;&#10;@Given(&quot;today is Sunday&quot;)&#10;public void today_is_sunday() {&#10;    // Write code here that turns the phrase above into concrete actions&#10;    throw new io.cucumber.java.PendingException();&#10;}&#10;" type="io.cucumber.junit.platform.engine.UndefinedStepException"><![CDATA[io.cucumber.junit.platform.engine.UndefinedStepException: 
The step 'today is Sunday' is undefined.
You can implement this step using the snippet(s) below:

@Given("today is Sunday")
public void today_is_sunday() {
    // Write code here that turns the phrase above into concrete actions
    throw new io.cucumber.java.PendingException();
}

	at ✽.today is Sunday(classpath:hellocucumber/is_it_friday_yet.feature:6)
]]></error>
    <system-out><![CDATA[
Scenario: Sunday isn't Friday        &amp#27;[90m# hellocucumber/is_it_friday_yet.feature:5&amp#27;[0m
  &amp#27;[33mGiven &amp#27;[0m&amp#27;[33mtoday is Sunday&amp#27;[0m
  &amp#27;[36mWhen &amp#27;[0m&amp#27;[36mI ask whether it's Friday yet&amp#27;[0m &amp#27;[90m# hellocucumber.StepDefinitions.i_ask_whether_it_s_Friday_yet()&amp#27;[0m
  &amp#27;[36mThen &amp#27;[0m&amp#27;[36mI should be told &amp#27;[0m&amp#27;[36m&amp#27;[1m"Nope"&amp#27;[0m       &amp#27;[90m# hellocucumber.StepDefinitions.i_should_be_told(java.lang.String)&amp#27;[0m
]]></system-out>
  </testcase>
  <testcase name="Friday is Friday" classname="Is it Friday yet?" time="0.001">
    <error message="The step &apos;today is Friday&apos; is undefined.&#10;You can implement this step using the snippet(s) below:&#10;&#10;@Given(&quot;today is Friday&quot;)&#10;public void today_is_friday() {&#10;    // Write code here that turns the phrase above into concrete actions&#10;    throw new io.cucumber.java.PendingException();&#10;}&#10;" type="io.cucumber.junit.platform.engine.UndefinedStepException"><![CDATA[io.cucumber.junit.platform.engine.UndefinedStepException: 
The step 'today is Friday' is undefined.
You can implement this step using the snippet(s) below:

@Given("today is Friday")
public void today_is_friday() {
    // Write code here that turns the phrase above into concrete actions
    throw new io.cucumber.java.PendingException();
}

	at ✽.today is Friday(classpath:hellocucumber/is_it_friday_yet.feature:11)
]]></error>
    <system-out><![CDATA[
Scenario: Friday is Friday           &amp#27;[90m# hellocucumber/is_it_friday_yet.feature:10&amp#27;[0m
  &amp#27;[33mGiven &amp#27;[0m&amp#27;[33mtoday is Friday&amp#27;[0m
  &amp#27;[36mWhen &amp#27;[0m&amp#27;[36mI ask whether it's Friday yet&amp#27;[0m &amp#27;[90m# hellocucumber.StepDefinitions.i_ask_whether_it_s_Friday_yet()&amp#27;[0m
  &amp#27;[36mThen &amp#27;[0m&amp#27;[36mI should be told &amp#27;[0m&amp#27;[36m&amp#27;[1m"TGIF"&amp#27;[0m       &amp#27;[90m# hellocucumber.StepDefinitions.i_should_be_told(java.lang.String)&amp#27;[0m
]]></system-out>
  </testcase>
  <testcase name="Today is or is not Friday - Examples - Example #1.1" classname="Is it Friday yet?" time="0.023">
    <system-out><![CDATA[
Scenario Outline: Today is or is not Friday &amp#27;[90m# hellocucumber/is_it_friday_yet.feature:23&amp#27;[0m
  &amp#27;[32mGiven &amp#27;[0m&amp#27;[32mtoday is &amp#27;[0m&amp#27;[32m&amp#27;[1m"Friday"&amp#27;[0m                   &amp#27;[90m# hellocucumber.StepDefinitions.today_is(java.lang.String)&amp#27;[0m
  &amp#27;[32mWhen &amp#27;[0m&amp#27;[32mI ask whether it's Friday yet&amp#27;[0m        &amp#27;[90m# hellocucumber.StepDefinitions.i_ask_whether_it_s_Friday_yet()&amp#27;[0m
  &amp#27;[32mThen &amp#27;[0m&amp#27;[32mI should be told &amp#27;[0m&amp#27;[32m&amp#27;[1m"TGIF"&amp#27;[0m              &amp#27;[90m# hellocucumber.StepDefinitions.i_should_be_told(java.lang.String)&amp#27;[0m
]]></system-out>
  </testcase>
  <testcase name="Today is or is not Friday - Examples - Example #1.2" classname="Is it Friday yet?" time="0.001">
    <system-out><![CDATA[
Scenario Outline: Today is or is not Friday &amp#27;[90m# hellocucumber/is_it_friday_yet.feature:24&amp#27;[0m
  &amp#27;[32mGiven &amp#27;[0m&amp#27;[32mtoday is &amp#27;[0m&amp#27;[32m&amp#27;[1m"Sunday"&amp#27;[0m                   &amp#27;[90m# hellocucumber.StepDefinitions.today_is(java.lang.String)&amp#27;[0m
  &amp#27;[32mWhen &amp#27;[0m&amp#27;[32mI ask whether it's Friday yet&amp#27;[0m        &amp#27;[90m# hellocucumber.StepDefinitions.i_ask_whether_it_s_Friday_yet()&amp#27;[0m
  &amp#27;[32mThen &amp#27;[0m&amp#27;[32mI should be told &amp#27;[0m&amp#27;[32m&amp#27;[1m"Nope"&amp#27;[0m              &amp#27;[90m# hellocucumber.StepDefinitions.i_should_be_told(java.lang.String)&amp#27;[0m
]]></system-out>
  </testcase>
  <testcase name="Today is or is not Friday - Examples - Example #1.3" classname="Is it Friday yet?" time="0.001">
    <system-out><![CDATA[
Scenario Outline: Today is or is not Friday &amp#27;[90m# hellocucumber/is_it_friday_yet.feature:25&amp#27;[0m
  &amp#27;[32mGiven &amp#27;[0m&amp#27;[32mtoday is &amp#27;[0m&amp#27;[32m&amp#27;[1m"anything else!"&amp#27;[0m           &amp#27;[90m# hellocucumber.StepDefinitions.today_is(java.lang.String)&amp#27;[0m
  &amp#27;[32mWhen &amp#27;[0m&amp#27;[32mI ask whether it's Friday yet&amp#27;[0m        &amp#27;[90m# hellocucumber.StepDefinitions.i_ask_whether_it_s_Friday_yet()&amp#27;[0m
  &amp#27;[32mThen &amp#27;[0m&amp#27;[32mI should be told &amp#27;[0m&amp#27;[32m&amp#27;[1m"Nope"&amp#27;[0m              &amp#27;[90m# hellocucumber.StepDefinitions.i_should_be_told(java.lang.String)&amp#27;[0m
]]></system-out>
  </testcase>
</testsuite>