<?xml version="1.0" encoding="UTF-8"?>
<testsuite xmlns:xsi="http://www.w3.org/2001/XMLSchema-instance" xsi:noNamespaceSchemaLocation="https://maven.apache.org/surefire/maven-surefire-plugin/xsd/surefire-test-report.xsd" version="3.0.2" name="hellocucumber.RunCucumberTest" time="0.074" tests="2" errors="0" skipped="0" failures="0">
  <properties>
[...]
</properties>
  <testcase name="search by location" classname="looking for a nearby garage sales" time="0.034">
    <system-out><![CDATA[
Scenario: search by location                             &amp#27;[90m# hellocucumber/garage_sale.feature:3&amp#27;[0m
User is on the home page.
  &amp#27;[32mGiven &amp#27;[0m&amp#27;[32mI am on the home page&amp#27;[0m                            &amp#27;[90m# hellocucumber.StepDefinitions.i_am_on_the_home_page()&amp#27;[0m
Entered location: Omaha Ne
  &amp#27;[32mWhen &amp#27;[0m&amp#27;[32mI enter &amp#27;[0m&amp#27;[32m&amp#27;[1m"Omaha Ne"&amp#27;[0m&amp#27;[32m In location&amp#27;[0m                    &amp#27;[90m# hellocucumber.StepDefinitions.i_enter_location(java.lang.String)&amp#27;[0m
Clicked the search button.
  &amp#27;[32mAnd &amp#27;[0m&amp#27;[32mI click the search button&amp#27;[0m                          &amp#27;[90m# hellocucumber.StepDefinitions.i_click_the_search_button()&amp#27;[0m
Garage sales list displayed.
  &amp#27;[32mThen &amp#27;[0m&amp#27;[32mI should see a list of garage sales closest to me&amp#27;[0m &amp#27;[90m# hellocucumber.StepDefinitions.i_should_see_a_list_of_garage_sales_closest_to_me()&amp#27;[0m
]]></system-out>
  </testcase>
  <testcase name="no sales happening" classname="looking for a nearby garage sales" time="0.002">
    <system-out><![CDATA[
Scenario: no sales happening                                       &amp#27;[90m# hellocucumber/garage_sale.feature:10&amp#27;[0m
User is on the home page.
  &amp#27;[32mGiven &amp#27;[0m&amp#27;[32mI am on the home page&amp#27;[0m                                      &amp#27;[90m# hellocucumber.StepDefinitions.i_am_on_the_home_page()&amp#27;[0m
Searching for: Omaha, ne
  &amp#27;[32mWhen &amp#27;[0m&amp#27;[32mI search for &amp#27;[0m&amp#27;[32m&amp#27;[1m"Omaha, ne"&amp#27;[0m                                    &amp#27;[90m# hellocucumber.StepDefinitions.i_search_for(java.lang.String)&amp#27;[0m
Clicked the search button.
  &amp#27;[32mAnd &amp#27;[0m&amp#27;[32mI click the search button&amp#27;[0m                                    &amp#27;[90m# hellocucumber.StepDefinitions.i_click_the_search_button()&amp#27;[0m
Expected message: no garage sales available near you
  &amp#27;[32mThen &amp#27;[0m&amp#27;[32mI should see a message &amp#27;[0m&amp#27;[32m&amp#27;[1m"no garage sales available near you"&amp#27;[0m &amp#27;[90m# hellocucumber.StepDefinitions.i_should_see_a_message(java.lang.String)&amp#27;[0m
]]></system-out>
  </testcase>
</testsuite>